\BOOKMARK [0][-]{Hilfszaehler.2}{Nomenklatur}{}% 1
\BOOKMARK [0][-]{Hilfszaehler.3}{Abbildungsverzeichnis}{}% 2
\BOOKMARK [0][-]{Hilfszaehler.4}{Tabellenverzeichnis}{}% 3
\BOOKMARK [0][-]{Hilfszaehler.5}{Vorwort}{}% 4
\BOOKMARK [0][-]{chapter.1}{Einleitung}{}% 5
\BOOKMARK [0][-]{chapter.2}{Rechtliche Grundlagen}{}% 6
\BOOKMARK [0][-]{chapter.3}{Geb\344udebestand}{}% 7
\BOOKMARK [0][-]{chapter.4}{Geb\344udeauswahl}{}% 8
\BOOKMARK [1][-]{section.4.1}{Vorstellung des Geb\344udebestands}{chapter.4}% 9
\BOOKMARK [1][-]{section.4.2}{Kriterien der Geb\344udeauswahl}{chapter.4}% 10
\BOOKMARK [1][-]{section.4.3}{Geb\344udesteckbrief}{chapter.4}% 11
\BOOKMARK [1][-]{section.4.4}{Bauphysik}{chapter.4}% 12
\BOOKMARK [1][-]{section.4.5}{Anlagentechnik}{chapter.4}% 13
\BOOKMARK [0][-]{chapter.5}{Beschreibung des Geb\344udemodells}{}% 14
\BOOKMARK [1][-]{section.5.1}{Vorbereitung der Simulation}{chapter.5}% 15
\BOOKMARK [1][-]{section.5.2}{Bedarfs-Verbrauchsanalyse}{chapter.5}% 16
\BOOKMARK [0][-]{Hilfszaehler.6}{Literaturverzeichnis}{}% 17
\BOOKMARK [0][-]{appendix.A}{Wichtiger Anhang 1}{}% 18
\BOOKMARK [1][-]{section.A.1}{Die Versalien}{appendix.A}% 19
\BOOKMARK [0][-]{appendix.B}{\304hnlich wichtiger Anhang}{}% 20
